<?xml version="1.0" encoding="UTF-8"?>
<!-- Generated by org.testng.reporters.JUnitReportReporter -->
<testsuite hostname="LAPTOP-0GFUST29" failures="0" tests="1" name="crudOperations.GetListofUsers" time="1.420" errors="0" timestamp="2024-02-18T01:22:43 IST" skipped="0">
  <testcase classname="crudOperations.GetListofUsers" name="GetListUsers" time="1.420"/>
  <system-out/>
</testsuite> <!-- crudOperations.GetListofUsers -->
