<?xml version="1.0" encoding="UTF-8"?>
<!-- Generated by org.testng.reporters.JUnitReportReporter -->
<testsuite hostname="LAPTOP-0GFUST29" failures="0" tests="1" name="crudOperations.DeleteUser" time="1.539" errors="0" timestamp="2024-02-18T01:38:53 IST" skipped="0">
  <testcase classname="crudOperations.DeleteUser" name="DelUser" time="1.539"/>
  <system-out/>
</testsuite> <!-- crudOperations.DeleteUser -->
