<?xml version="1.0" encoding="UTF-8"?>
<!-- Generated by org.testng.reporters.JUnitReportReporter -->
<testsuite hostname="LAPTOP-0GFUST29" failures="0" tests="1" name="crudOperations.PostNewUser" time="1.676" errors="0" timestamp="2024-02-18T01:30:16 IST" skipped="0">
  <testcase classname="crudOperations.PostNewUser" name="NewUser" time="1.676"/>
  <system-out/>
</testsuite> <!-- crudOperations.PostNewUser -->
